105.01.08 02:10 B C:\Mina dokument\Bass\Slacktforsk\Slask2 html\2-1.htm --> www.affv.nu /khm009960/Slakt2 html 2-1.htm
105.01.08 02:10 B C:\Mina dokument\Bass\Slacktforsk\Slask2 html\2-10.htm --> www.affv.nu /khm009960/Slakt2 html 2-10.htm
105.01.08 02:10 B C:\Mina dokument\Bass\Slacktforsk\Slask2 html\2-11.htm --> www.affv.nu /khm009960/Slakt2 html 2-11.htm
105.01.08 02:10 B C:\Mina dokument\Bass\Slacktforsk\Slask2 html\2-12.htm --> www.affv.nu /khm009960/Slakt2 html 2-12.htm
105.01.08 02:10 B C:\Mina dokument\Bass\Slacktforsk\Slask2 html\2-2.htm --> www.affv.nu /khm009960/Slakt2 html 2-2.htm
105.01.08 02:10 B C:\Mina dokument\Bass\Slacktforsk\Slask2 html\2-3.htm --> www.affv.nu /khm009960/Slakt2 html 2-3.htm
105.01.08 02:10 B C:\Mina dokument\Bass\Slacktforsk\Slask2 html\2-4.htm --> www.affv.nu /khm009960/Slakt2 html 2-4.htm
105.01.08 02:10 B C:\Mina dokument\Bass\Slacktforsk\Slask2 html\2-5.htm --> www.affv.nu /khm009960/Slakt2 html 2-5.htm
105.01.08 02:10 B C:\Mina dokument\Bass\Slacktforsk\Slask2 html\2-6.htm --> www.affv.nu /khm009960/Slakt2 html 2-6.htm
105.01.08 02:10 B C:\Mina dokument\Bass\Slacktforsk\Slask2 html\2-7.htm --> www.affv.nu /khm009960/Slakt2 html 2-7.htm
105.01.08 02:10 B C:\Mina dokument\Bass\Slacktforsk\Slask2 html\2-8.htm --> www.affv.nu /khm009960/Slakt2 html 2-8.htm
105.01.08 02:10 B C:\Mina dokument\Bass\Slacktforsk\Slask2 html\2-9.htm --> www.affv.nu /khm009960/Slakt2 html 2-9.htm
105.01.08 02:10 B C:\Mina dokument\Bass\Slacktforsk\Slask2 html\3-1.htm --> www.affv.nu /khm009960/Slakt2 html 3-1.htm
105.01.08 02:10 B C:\Mina dokument\Bass\Slacktforsk\Slask2 html\4-1.htm --> www.affv.nu /khm009960/Slakt2 html 4-1.htm
105.01.08 02:10 B C:\Mina dokument\Bass\Slacktforsk\Slask2 html\4-2.htm --> www.affv.nu /khm009960/Slakt2 html 4-2.htm
105.01.08 02:10 B C:\Mina dokument\Bass\Slacktforsk\Slask2 html\4-3.htm --> www.affv.nu /khm009960/Slakt2 html 4-3.htm
105.01.08 02:10 B C:\Mina dokument\Bass\Slacktforsk\Slask2 html\4-4.htm --> www.affv.nu /khm009960/Slakt2 html 4-4.htm
105.01.08 02:12 B C:\Mina dokument\Bass\Slacktforsk\Slask2 html\4-5.htm --> www.affv.nu /khm009960/Slakt2 html 4-5.htm
105.01.08 02:12 B C:\Mina dokument\Bass\Slacktforsk\Slask2 html\4-6.htm --> www.affv.nu /khm009960/Slakt2 html 4-6.htm
105.01.08 02:12 B C:\Mina dokument\Bass\Slacktforsk\Slask2 html\ansedel.gif --> www.affv.nu /khm009960/Slakt2 html ansedel.gif
105.01.08 02:12 B C:\Mina dokument\Bass\Slacktforsk\Slask2 html\ansedel2.gif --> www.affv.nu /khm009960/Slakt2 html ansedel2.gif
105.01.08 02:12 B C:\Mina dokument\Bass\Slacktforsk\Slask2 html\background2.jpg --> www.affv.nu /khm009960/Slakt2 html background2.jpg
105.01.08 02:13 B C:\Mina dokument\Bass\Slacktforsk\Slask2 html\background7.jpg --> www.affv.nu /khm009960/Slakt2 html background7.jpg
105.01.08 02:13 B C:\Mina dokument\Bass\Slacktforsk\Slask2 html\disefternreg.jpg --> www.affv.nu /khm009960/Slakt2 html disefternreg.jpg
105.01.08 02:13 B C:\Mina dokument\Bass\Slacktforsk\Slask2 html\disortsreg.jpg --> www.affv.nu /khm009960/Slakt2 html disortsreg.jpg
105.01.08 02:13 B C:\Mina dokument\Bass\Slacktforsk\Slask2 html\dispersreg.jpg --> www.affv.nu /khm009960/Slakt2 html dispersreg.jpg
105.01.08 02:13 B C:\Mina dokument\Bass\Slacktforsk\Slask2 html\tavla1.gif --> www.affv.nu /khm009960/Slakt2 html tavla1.gif
105.01.08 02:13 B C:\Mina dokument\Bass\Slacktforsk\Slask2 html\tavla2.gif --> www.affv.nu /khm009960/Slakt2 html tavla2.gif
105.01.08 02:13 B C:\Mina dokument\Bass\Slacktforsk\Slask2 html\wickstrom grav.jpg --> www.affv.nu /khm009960/Slakt2 html wickstrom grav.jpg
105.01.08 15:35 B C:\Mina dokument\Bass\Slacktforsk\Slask2 html\index.html --> www.affv.nu /khm009960/Slakt2 html index.html
105.01.09 22:29 B C:\Mina dokument\Bass\Slacktforsk\Slask2 html\index.html --> www.affv.nu /khm009960/Slakt2 html index.html
105.01.09 23:59 B C:\Mina dokument\Bass\Slacktforsk\Slask2 html\index.html --> www.affv.nu /khm009960/Slakt2 html index.html
105.01.10 01:31 B C:\Mina dokument\Bass\Slacktforsk\Slask2 html\index.html --> www.affv.nu /khm009960/Slakt2 html index.html
105.01.10 15:21 B C:\Mina dokument\Bass\Slacktforsk\Slask2 html\index.html --> www.affv.nu /khm009960/Slakt2 html index.html
105.01.10 15:50 B C:\Mina dokument\Bass\Slacktforsk\Slask2 html\index.html --> www.affv.nu /khm009960/Slakt2 html index.html
105.01.11 05:16 B C:\Mina dokument\Bass\Slacktforsk\Slask2 html\index.html --> www.affv.nu /khm009960/Slakt2 html index.html
105.01.11 16:29 B C:\Mina dokument\Bass\Slacktforsk\Slask2 html\4-2.htm --> www.affv.nu /khm009960/Slakt2 html 4-2.htm
105.01.11 16:39 B C:\Mina dokument\Bass\Slacktforsk\Slask2 html\2-5.htm --> www.affv.nu /khm009960/Slakt2 html 2-5.htm
105.01.11 16:39 B C:\Mina dokument\Bass\Slacktforsk\Slask2 html\2-1.htm --> www.affv.nu /khm009960/Slakt2 html 2-1.htm
105.01.19 17:45 B C:\Mina dokument\Bass\Slacktforsk\Slask2 html\index.html --> www.affv.nu /khm009960/Slakt2 html index.html
105.01.19 17:52 B C:\Mina dokument\Bass\Slacktforsk\Slask2 html\index.html --> www.affv.nu /khm009960/Slakt2 html index.html
105.01.21 01:43 B C:\Mina dokument\Bass\Slacktforsk\start\2-2.htm --> www.affv.nu /khm009960/start 2-2.htm
105.01.21 01:43 B C:\Mina dokument\Bass\Slacktforsk\start\3-1.htm --> www.affv.nu /khm009960/start 3-1.htm
105.01.21 01:43 B C:\Mina dokument\Bass\Slacktforsk\start\4-1.htm --> www.affv.nu /khm009960/start 4-1.htm
105.01.21 01:43 B C:\Mina dokument\Bass\Slacktforsk\start\4-2.htm --> www.affv.nu /khm009960/start 4-2.htm
105.01.21 01:43 B C:\Mina dokument\Bass\Slacktforsk\start\4-3.htm --> www.affv.nu /khm009960/start 4-3.htm
105.01.21 01:43 B C:\Mina dokument\Bass\Slacktforsk\start\4-4.htm --> www.affv.nu /khm009960/start 4-4.htm
105.01.21 01:43 B C:\Mina dokument\Bass\Slacktforsk\start\4-5.htm --> www.affv.nu /khm009960/start 4-5.htm
105.01.21 01:43 B C:\Mina dokument\Bass\Slacktforsk\start\4-6.htm --> www.affv.nu /khm009960/start 4-6.htm
105.01.22 15:19 B C:\Mina dokument\Bass\Slacktforsk\start\4-1.htm --> www.affv.nu /khm009960/start 4-1.htm
105.01.22 15:19 B C:\Mina dokument\Bass\Slacktforsk\start\4-2.htm --> www.affv.nu /khm009960/start 4-2.htm
105.01.22 15:19 B C:\Mina dokument\Bass\Slacktforsk\start\4-5.htm --> www.affv.nu /khm009960/start 4-5.htm
105.01.22 15:19 B C:\Mina dokument\Bass\Slacktforsk\start\WS_FTP.LOG --> www.affv.nu /khm009960/start WS_FTP.LOG
105.01.22 19:21 B C:\Mina dokument\Bass\Slacktforsk\start\2-2.htm --> www.affv.nu /khm009960/start/0001 2-2.htm
105.01.22 19:21 B C:\Mina dokument\Bass\Slacktforsk\start\3-1.htm --> www.affv.nu /khm009960/start/0001 3-1.htm
105.01.22 19:21 B C:\Mina dokument\Bass\Slacktforsk\start\WS_FTP.LOG --> www.affv.nu /khm009960/start/0001 WS_FTP.LOG
105.01.22 19:23 B C:\Mina dokument\Bass\Slacktforsk\start\2-2.htm --> www.affv.nu /khm009960/start 2-2.htm
105.01.22 19:23 B C:\Mina dokument\Bass\Slacktforsk\start\3-1.htm --> www.affv.nu /khm009960/start 3-1.htm
105.01.22 19:23 B C:\Mina dokument\Bass\Slacktforsk\start\WS_FTP.LOG --> www.affv.nu /khm009960/start WS_FTP.LOG
105.01.22 20:39 B C:\Mina dokument\Bass\Slacktforsk\start\4-1.htm --> www.affv.nu /khm009960/start 4-1.htm
105.01.24 00:16 B C:\Mina dokument\Bass\Slacktforsk\start\3-1.htm --> www.affv.nu /khm009960/start 3-1.htm
105.01.24 01:36 B C:\Mina dokument\Bass\Slacktforsk\start\2-10.htm --> www.affv.nu /khm009960/start 2-10.htm
105.01.24 01:36 B C:\Mina dokument\Bass\Slacktforsk\start\2-11.htm --> www.affv.nu /khm009960/start 2-11.htm
105.01.24 01:36 B C:\Mina dokument\Bass\Slacktforsk\start\2-12.htm --> www.affv.nu /khm009960/start 2-12.htm
105.01.24 01:37 B C:\Mina dokument\Bass\Slacktforsk\start\2-2.htm --> www.affv.nu /khm009960/start 2-2.htm
105.01.24 01:37 B C:\Mina dokument\Bass\Slacktforsk\start\2-3.htm --> www.affv.nu /khm009960/start 2-3.htm
105.01.24 01:37 B C:\Mina dokument\Bass\Slacktforsk\start\2-4.htm --> www.affv.nu /khm009960/start 2-4.htm
105.01.24 01:37 B C:\Mina dokument\Bass\Slacktforsk\start\2-5.htm --> www.affv.nu /khm009960/start 2-5.htm
105.01.24 01:37 B C:\Mina dokument\Bass\Slacktforsk\start\2-6.htm --> www.affv.nu /khm009960/start 2-6.htm
105.01.24 01:37 B C:\Mina dokument\Bass\Slacktforsk\start\2-7.htm --> www.affv.nu /khm009960/start 2-7.htm
105.01.24 01:37 B C:\Mina dokument\Bass\Slacktforsk\start\2-8.htm --> www.affv.nu /khm009960/start 2-8.htm
105.01.24 01:37 B C:\Mina dokument\Bass\Slacktforsk\start\2-9.htm --> www.affv.nu /khm009960/start 2-9.htm
105.01.24 01:37 B C:\Mina dokument\Bass\Slacktforsk\start\3-1.htm --> www.affv.nu /khm009960/start 3-1.htm
105.01.24 02:29 B C:\Mina dokument\Bass\Slacktforsk\start\2-1 orig.htm --> www.affv.nu /khm009960/start 2-1 orig.htm
105.01.24 02:32 B C:\Mina dokument\Bass\Slacktforsk\start\2-1.htm --> www.affv.nu /khm009960/start 2-1.htm
105.01.24 02:41 B C:\Mina dokument\Bass\Slacktforsk\start\index.html --> www.affv.nu /khm009960/start index.html
105.01.24 17:30 B C:\Mina dokument\Bass\Slacktforsk\start\2-1 orig.htm --> www.affv.nu /khm009960/start/0002 2-1 orig.htm
105.01.24 17:30 B C:\Mina dokument\Bass\Slacktforsk\start\2-1.htm --> www.affv.nu /khm009960/start/0002 2-1.htm
105.01.24 17:30 B C:\Mina dokument\Bass\Slacktforsk\start\2-10.htm --> www.affv.nu /khm009960/start/0002 2-10.htm
105.01.24 17:30 B C:\Mina dokument\Bass\Slacktforsk\start\2-11.htm --> www.affv.nu /khm009960/start/0002 2-11.htm
105.01.24 17:30 B C:\Mina dokument\Bass\Slacktforsk\start\2-12.htm --> www.affv.nu /khm009960/start/0002 2-12.htm
105.01.24 17:30 B C:\Mina dokument\Bass\Slacktforsk\start\2-2.htm --> www.affv.nu /khm009960/start/0002 2-2.htm
105.01.24 17:30 B C:\Mina dokument\Bass\Slacktforsk\start\2-3.htm --> www.affv.nu /khm009960/start/0002 2-3.htm
105.01.24 17:30 B C:\Mina dokument\Bass\Slacktforsk\start\2-4.htm --> www.affv.nu /khm009960/start/0002 2-4.htm
105.01.24 17:30 B C:\Mina dokument\Bass\Slacktforsk\start\2-5.htm --> www.affv.nu /khm009960/start/0002 2-5.htm
105.01.24 17:30 B C:\Mina dokument\Bass\Slacktforsk\start\2-6.htm --> www.affv.nu /khm009960/start/0002 2-6.htm
105.01.24 17:30 B C:\Mina dokument\Bass\Slacktforsk\start\2-7.htm --> www.affv.nu /khm009960/start/0002 2-7.htm
105.01.24 17:30 B C:\Mina dokument\Bass\Slacktforsk\start\2-8.htm --> www.affv.nu /khm009960/start/0002 2-8.htm
105.01.24 17:30 B C:\Mina dokument\Bass\Slacktforsk\start\2-9.htm --> www.affv.nu /khm009960/start/0002 2-9.htm
105.01.24 17:30 B C:\Mina dokument\Bass\Slacktforsk\start\3-1.htm --> www.affv.nu /khm009960/start/0002 3-1.htm
105.01.24 17:30 B C:\Mina dokument\Bass\Slacktforsk\start\index.html --> www.affv.nu /khm009960/start/0002 index.html
105.01.24 17:30 B C:\Mina dokument\Bass\Slacktforsk\start\WS_FTP.LOG --> www.affv.nu /khm009960/start/0002 WS_FTP.LOG
105.01.24 17:38 B C:\Mina dokument\Bass\Slacktforsk\start\2-1.htm --> www.affv.nu /khm009960/start 2-1.htm
105.01.24 17:38 B C:\Mina dokument\Bass\Slacktforsk\start\2-10.htm --> www.affv.nu /khm009960/start 2-10.htm
105.01.24 17:38 B C:\Mina dokument\Bass\Slacktforsk\start\2-11.htm --> www.affv.nu /khm009960/start 2-11.htm
105.01.24 17:38 B C:\Mina dokument\Bass\Slacktforsk\start\2-12.htm --> www.affv.nu /khm009960/start 2-12.htm
105.01.24 17:38 B C:\Mina dokument\Bass\Slacktforsk\start\2-2.htm --> www.affv.nu /khm009960/start 2-2.htm
105.01.24 17:38 B C:\Mina dokument\Bass\Slacktforsk\start\2-3.htm --> www.affv.nu /khm009960/start 2-3.htm
105.01.24 17:38 B C:\Mina dokument\Bass\Slacktforsk\start\2-4.htm --> www.affv.nu /khm009960/start 2-4.htm
105.01.24 17:38 B C:\Mina dokument\Bass\Slacktforsk\start\2-5.htm --> www.affv.nu /khm009960/start 2-5.htm
105.01.24 17:38 B C:\Mina dokument\Bass\Slacktforsk\start\2-6.htm --> www.affv.nu /khm009960/start 2-6.htm
105.01.24 17:38 B C:\Mina dokument\Bass\Slacktforsk\start\2-7.htm --> www.affv.nu /khm009960/start 2-7.htm
105.01.24 17:38 B C:\Mina dokument\Bass\Slacktforsk\start\2-8.htm --> www.affv.nu /khm009960/start 2-8.htm
105.01.24 17:38 B C:\Mina dokument\Bass\Slacktforsk\start\2-9.htm --> www.affv.nu /khm009960/start 2-9.htm
105.01.24 17:38 B C:\Mina dokument\Bass\Slacktforsk\start\3-1.htm --> www.affv.nu /khm009960/start 3-1.htm
105.01.24 17:38 B C:\Mina dokument\Bass\Slacktforsk\start\index.html --> www.affv.nu /khm009960/start index.html
105.01.24 17:38 B C:\Mina dokument\Bass\Slacktforsk\start\WS_FTP.LOG --> www.affv.nu /khm009960/start WS_FTP.LOG
105.01.24 18:05 B C:\Mina dokument\Bass\Slacktforsk\start\2-10.htm --> www.affv.nu /khm009960/start 2-10.htm
105.01.25 13:09 B C:\Mina dokument\Bass\Slacktforsk\start\2-2.htm --> www.affv.nu /khm009960/start 2-2.htm
105.01.25 13:10 B C:\Mina dokument\Bass\Slacktforsk\start\2-9.htm --> www.affv.nu /khm009960/start 2-9.htm
105.01.27 12:19 B C:\Mina dokument\Bass\Slacktforsk\start\2-1.htm --> www.affv.nu /khm009960/start 2-1.htm
105.01.27 12:19 B C:\Mina dokument\Bass\Slacktforsk\start\2-9.htm --> www.affv.nu /khm009960/start 2-9.htm
105.01.28 12:15 B C:\Mina dokument\Bass\Slacktforsk\start\2-5.htm --> www.affv.nu /khm009960/start 2-5.htm
105.01.28 17:55 B C:\Mina dokument\Bass\Slacktforsk\start\2-5.htm --> www.affv.nu /khm009960/start 2-5.htm
105.01.28 17:55 B C:\Mina dokument\Bass\Slacktforsk\start\WS_FTP.LOG --> www.affv.nu /khm009960/start WS_FTP.LOG
105.02.03 00:06 B C:\Mina dokument\Bass\Slacktforsk\start\index.html --> www.affv.nu /khm009960/start index.html
105.02.05 19:22 B C:\Mina dokument\Bass\Slacktforsk\start\2-10.htm --> www.affv.nu /khm009960/start 2-10.htm
105.02.05 19:22 B C:\Mina dokument\Bass\Slacktforsk\start\2-3.htm --> www.affv.nu /khm009960/start 2-3.htm
105.02.05 19:22 B C:\Mina dokument\Bass\Slacktforsk\start\2-7.htm --> www.affv.nu /khm009960/start 2-7.htm
105.04.03 00:46 B C:\Mina dokument\Bass\Slacktforsk\Dg8Data\Html\start\2-6.htm --> www.affv.nu /khm009960/start 2-6.htm
105.05.11 00:34 B C:\Mina dokument\Bass\Slacktforsk\Dg8Data\Html\start\2-1 orig.htm --> www.affv.nu /khm009960/start 2-1 orig.htm
105.05.11 00:34 B C:\Mina dokument\Bass\Slacktforsk\Dg8Data\Html\start\2-3.htm --> www.affv.nu /khm009960/start 2-3.htm
105.05.11 00:34 B C:\Mina dokument\Bass\Slacktforsk\Dg8Data\Html\start\2-9.htm --> www.affv.nu /khm009960/start 2-9.htm
105.05.11 00:34 B C:\Mina dokument\Bass\Slacktforsk\Dg8Data\Html\start\3-1.htm --> www.affv.nu /khm009960/start 3-1.htm
105.05.11 00:34 B C:\Mina dokument\Bass\Slacktforsk\Dg8Data\Html\start\index.html --> www.affv.nu /khm009960/start index.html
105.06.07 12:26 B C:\Mina dokument\Bass\Slacktforsk\Dg8Data\Html\start\2-6.htm --> www.affv.nu /khm009960/start 2-6.htm
105.06.07 12:37 B C:\Mina dokument\Bass\Slacktforsk\Dg8Data\Html\start\2-6.htm --> www.affv.nu /khm009960/start 2-6.htm
105.07.10 22:37 B C:\Mina dokument\Bass\Slacktforsk\Dg8Data\Html\start\2-8.htm --> www.affv.nu /khm009960/start 2-8.htm
105.07.11 00:05 B C:\Mina dokument\Bass\Slacktforsk\Dg8Data\Html\start\2-2.htm --> www.affv.nu /khm009960/start 2-2.htm
105.07.11 00:05 B C:\Mina dokument\Bass\Slacktforsk\Dg8Data\Html\start\2-8.htm --> www.affv.nu /khm009960/start 2-8.htm
105.07.11 00:06 B C:\Mina dokument\Bass\Slacktforsk\Dg8Data\Html\start\WS_FTP.LOG --> www.affv.nu /khm009960/start WS_FTP.LOG
105.07.18 17:18 B C:\Mina dokument\Bass\Slacktforsk\Dg8Data\Html\start\2-6.htm --> www.affv.nu /khm009960/start 2-6.htm
105.07.21 11:44 B C:\Mina dokument\Bass\Slacktforsk\Dg8Data\Html\start\2-2.htm --> www.affv.nu /khm009960/start 2-2.htm
105.07.21 11:44 B C:\Mina dokument\Bass\Slacktforsk\Dg8Data\Html\start\2-6.htm --> www.affv.nu /khm009960/start 2-6.htm
105.07.21 11:44 B C:\Mina dokument\Bass\Slacktforsk\Dg8Data\Html\start\2-8.htm --> www.affv.nu /khm009960/start 2-8.htm
105.07.21 12:04 B C:\Mina dokument\Bass\Slacktforsk\Dg8Data\Html\start\2-2.htm --> www.affv.nu /khm009960/start 2-2.htm
105.07.25 19:46 B C:\Mina dokument\Bass\Slacktforsk\Dg8Data\Html\start\2-10.htm --> www.affv.nu /khm009960/start 2-10.htm
105.07.25 19:46 B C:\Mina dokument\Bass\Slacktforsk\Dg8Data\Html\start\2-2.htm --> www.affv.nu /khm009960/start 2-2.htm
105.07.25 19:46 B C:\Mina dokument\Bass\Slacktforsk\Dg8Data\Html\start\2-9.htm --> www.affv.nu /khm009960/start 2-9.htm
105.12.12 01:03 B C:\Mina dokument\Bass\Slacktforsk\Dg8Data\Html\start\2-7.htm --> www.affv.nu /khm009960/start 2-7.htm
105.12.12 01:03 B C:\Mina dokument\Bass\Slacktforsk\Dg8Data\Html\start\2-8.htm --> www.affv.nu /khm009960/start 2-8.htm
105.12.12 01:03 B C:\Mina dokument\Bass\Slacktforsk\Dg8Data\Html\start\3-1.htm --> www.affv.nu /khm009960/start 3-1.htm
