98.04.11 18:55 B C:\Bass\Html\ahnlund\index.html --> w1.455.telia.com /ahnlund index.html
98.04.17 15:26 B C:\Bass\Html\ahnlund\index.html --> w1.455.telia.com /ahnlund index.html
98.04.18 12:13 B C:\Bass\Html\ahnlund\index.html --> w1.455.telia.com /ahnlund index.html
98.04.18 13:49 B C:\Bass\Html\ahnlund\index.html --> w1.455.telia.com /ahnlund index.html
98.04.18 13:50 B C:\Bass\Html\ahnlund\index.html --> w1.455.telia.com /ahnlund index.html
98.04.25 13:12 B C:\Bass\Html\ahnlund\index.html --> w1.455.telia.com /ahnlund index.html
98.04.25 13:19 B C:\Bass\Html\ahnlund\index.html --> w1.455.telia.com /ahnlund index.html
98.05.26 23:29 B C:\Bass\Html\ahnlund\index.html --> w1.455.telia.com /ahnlund index.html
98.05.26 23:34 B C:\Bass\Html\ahnlund\image5.jpg --> w1.455.telia.com /ahnlund image5.jpg
98.05.26 23:41 B C:\Bass\Html\ahnlund\BAD.jpg --> w1.455.telia.com /ahnlund BAD.jpg
98.05.26 23:42 B C:\Bass\Html\ahnlund\Kickan.JPG --> w1.455.telia.com /ahnlund Kickan.JPG
98.05.26 23:45 B C:\Bass\Html\ahnlund\Kickan.JPG --> w1.455.telia.com /ahnlund Kickan.JPG
98.06.09 20:33 B C:\Bass\Html\ahnlund\index.html --> w1.455.telia.com /ahnlund index.html
98.06.09 20:34 B C:\Bass\Html\ahnlund\Kickan.jpg --> w1.455.telia.com /ahnlund Kickan.jpg
98.06.09 20:34 B C:\Bass\Html\ahnlund\Kickan Schönbrunn.jpg --> w1.455.telia.com /ahnlund Kickan Schönbrunn.jpg
98.06.09 20:35 B C:\Bass\Html\ahnlund\Bass Prater.jpg --> w1.455.telia.com /ahnlund Bass Prater.jpg
98.06.09 20:35 B C:\Bass\Html\ahnlund\Bass Riesenrad.jpg --> w1.455.telia.com /ahnlund Bass Riesenrad.jpg
98.06.15 23:55 B C:\Bass\Html\ahnlund\Belvedere.jpg --> w1.455.telia.com /ahnlund Belvedere.jpg
98.06.15 23:55 B C:\Bass\Html\ahnlund\Jenny 1.JPG --> w1.455.telia.com /ahnlund Jenny 1.JPG
98.06.15 23:58 B C:\Bass\Html\ahnlund\index.html --> w1.455.telia.com /ahnlund index.html
98.06.25 22:13 B C:\Bass\Html\ahnlund\Anna2.JPG --> w1.455.telia.com /ahnlund Anna2.JPG
98.06.25 22:14 B C:\Bass\Html\ahnlund\Pia1.JPG --> w1.455.telia.com /ahnlund Pia1.JPG
98.06.25 22:16 B C:\Bass\Html\ahnlund\index.html --> w1.455.telia.com /ahnlund index.html
98.08.26 19:17 B C:\Bass\Html\ahnlund\index.html --> w1.455.telia.com /ahnlund index.html
98.08.26 19:23 B C:\Bass\Html\ahnlund\index.html --> w1.455.telia.com /ahnlund index.html
98.09.24 22:18 B C:\Bass\Html\ahnlund\index.html --> w1.455.telia.com /ahnlund index.html
98.09.24 22:21 B C:\Bass\Html\ahnlund\index.html --> w1.455.telia.com /ahnlund index.html
98.09.24 22:32 B C:\Bass\Html\ahnlund\index.html --> w1.455.telia.com /ahnlund index.html
98.09.24 22:34 B C:\Bass\Html\ahnlund\index.html --> w1.455.telia.com /ahnlund index.html
98.10.25 16:41 B C:\Bass\Html\ahnlund\index.html --> w1.455.telia.com /ahnlund index.html
99.08.30 18:35 B C:\Mina dokument\Bass\Html\ahnlund\index.html --> w1.455.telia.com /ahnlund index.html
99.08.30 18:49 B C:\Mina dokument\Bass\Html\ahnlund\index.html --> w1.455.telia.com /ahnlund index.html
99.10.01 00:11 B C:\Mina dokument\Bass\Html\ahnlund\index.html --> w1.455.telia.com /ahnlund index.html
99.12.10 20:19 B C:\Mina dokument\Bass\Html\ahnlund\index.html --> w1.455.telia.com /ahnlund index.html
100.02.10 21:12 B C:\Mina dokument\Bass\Html\ahnlund\index.html --> w1.455.telia.com /ahnlund index.html
100.02.10 21:13 B C:\Mina dokument\Bass\Html\ahnlund\Jennykomp1.jpg --> w1.455.telia.com /ahnlund Jennykomp1.jpg
100.02.10 21:14 B C:\Mina dokument\Bass\Html\ahnlund\Jennykomp2.jpg --> w1.455.telia.com /ahnlund Jennykomp2.jpg
100.02.20 15:54 B C:\Mina dokument\Bass\Html\ahnlund\Jenny 1.jpg --> w1.455.telia.com /ahnlund Jenny 1.jpg
100.02.20 15:55 B C:\Mina dokument\Bass\Html\ahnlund\Jenny på Tordön.jpg --> w1.455.telia.com /ahnlund Jenny på Tordön.jpg
100.02.20 15:55 B C:\Mina dokument\Bass\Html\ahnlund\index.html --> w1.455.telia.com /ahnlund index.html
100.02.20 17:12 A C:\Mina dokument\Bass\Html\ahnlund\index.html --> w1.455.telia.com /ahnlund index.html
100.02.20 17:17 A C:\Mina dokument\Bass\Html\ahnlund\Kickan Schönbrunn.jpg --> w1.455.telia.com /ahnlund Kickan Schönbrunn.jpg
100.02.20 17:23 B C:\Mina dokument\Bass\Html\ahnlund\Kickan Schonbrunn.jpg --> w1.455.telia.com /ahnlund Kickan Schonbrunn.jpg
100.02.20 17:23 B C:\Mina dokument\Bass\Html\ahnlund\Jenny pa Tordon.jpg --> w1.455.telia.com /ahnlund Jenny pa Tordon.jpg
100.02.20 17:24 B C:\Mina dokument\Bass\Html\ahnlund\index.html --> w1.455.telia.com /ahnlund index.html
100.06.08 23:13 B C:\Mina dokument\Bass\Html\ahnlund\BassMalorca1.jpg --> w1.455.telia.com /ahnlund BassMalorca1.jpg
100.06.08 23:13 B C:\Mina dokument\Bass\Html\ahnlund\index.html --> w1.455.telia.com /ahnlund index.html
101.03.21 17:43 B C:\Mina dokument\Bass\Html\ahnlund\Anna1.JPG --> home.rixtele.com /Ahnlunds hemsida Anna1.JPG
101.03.21 17:43 B C:\Mina dokument\Bass\Html\ahnlund\Anna2.JPG --> home.rixtele.com /Ahnlunds hemsida Anna2.JPG
101.03.21 17:43 B C:\Mina dokument\Bass\Html\ahnlund\BassMalorca1.jpg --> home.rixtele.com /Ahnlunds hemsida BassMalorca1.jpg
101.03.21 17:44 B C:\Mina dokument\Bass\Html\ahnlund\image1.gif --> home.rixtele.com /Ahnlunds hemsida image1.gif
101.03.21 17:44 B C:\Mina dokument\Bass\Html\ahnlund\image2.gif --> home.rixtele.com /Ahnlunds hemsida image2.gif
101.03.21 17:44 B C:\Mina dokument\Bass\Html\ahnlund\image3.gif --> home.rixtele.com /Ahnlunds hemsida image3.gif
101.03.21 17:44 B C:\Mina dokument\Bass\Html\ahnlund\image4.gif --> home.rixtele.com /Ahnlunds hemsida image4.gif
101.03.21 17:44 B C:\Mina dokument\Bass\Html\ahnlund\image5.jpg --> home.rixtele.com /Ahnlunds hemsida image5.jpg
101.03.21 17:44 B C:\Mina dokument\Bass\Html\ahnlund\index.html --> home.rixtele.com /Ahnlunds hemsida index.html
101.03.21 17:44 B C:\Mina dokument\Bass\Html\ahnlund\Jenny 1.jpg --> home.rixtele.com /Ahnlunds hemsida Jenny 1.jpg
101.03.21 17:45 B C:\Mina dokument\Bass\Html\ahnlund\Jenny pa Tordon.jpg --> home.rixtele.com /Ahnlunds hemsida Jenny pa Tordon.jpg
101.03.21 17:46 B C:\Mina dokument\Bass\Html\ahnlund\Jennykomp1.jpg --> home.rixtele.com /Ahnlunds hemsida Jennykomp1.jpg
101.03.21 17:47 B C:\Mina dokument\Bass\Html\ahnlund\Jennykomp2.jpg --> home.rixtele.com /Ahnlunds hemsida Jennykomp2.jpg
101.03.21 17:47 B C:\Mina dokument\Bass\Html\ahnlund\Kickan Schonbrunn.jpg --> home.rixtele.com /Ahnlunds hemsida Kickan Schonbrunn.jpg
101.03.21 17:47 B C:\Mina dokument\Bass\Html\ahnlund\Pia1.JPG --> home.rixtele.com /Ahnlunds hemsida Pia1.JPG
101.03.25 17:38 B C:\Mina dokument\Bass\Html\ahnlund\index.html --> home.rixtele.com / index.html
101.03.25 17:41 B C:\Mina dokument\Bass\Html\ahnlund\Anna2.JPG --> home.rixtele.com / Anna2.JPG
101.03.25 17:42 B C:\Mina dokument\Bass\Html\ahnlund\BassMalorca1.jpg --> home.rixtele.com / BassMalorca1.jpg
101.03.25 17:42 B C:\Mina dokument\Bass\Html\ahnlund\image1.gif --> home.rixtele.com / image1.gif
101.03.25 17:42 B C:\Mina dokument\Bass\Html\ahnlund\image2.gif --> home.rixtele.com / image2.gif
101.03.25 17:42 B C:\Mina dokument\Bass\Html\ahnlund\image3.gif --> home.rixtele.com / image3.gif
101.03.25 17:43 B C:\Mina dokument\Bass\Html\ahnlund\image4.gif --> home.rixtele.com / image4.gif
101.03.25 17:43 B C:\Mina dokument\Bass\Html\ahnlund\image5.jpg --> home.rixtele.com / image5.jpg
101.03.25 17:44 B C:\Mina dokument\Bass\Html\ahnlund\Jenny pa Tordon.jpg --> home.rixtele.com / Jenny pa Tordon.jpg
101.03.25 17:45 B C:\Mina dokument\Bass\Html\ahnlund\Jenny 1.jpg --> home.rixtele.com / Jenny 1.jpg
101.03.25 17:53 B C:\Mina dokument\Bass\Html\ahnlund\Kickan Schonbrunn.jpg --> home.rixtele.com / Kickan Schonbrunn.jpg
101.03.25 17:55 B C:\Mina dokument\Bass\Html\ahnlund\Pia1.JPG --> home.rixtele.com / Pia1.JPG
101.03.25 17:58 B C:\Mina dokument\Bass\Html\ahnlund\Jennykomp2.jpg --> home.rixtele.com / Jennykomp2.jpg
101.06.16 16:03 B C:\Mina dokument\Bass\Html\ahnlund\03Julen 99.jpg --> home.rixtele.com / 03Julen 99.jpg
101.06.16 16:04 B C:\Mina dokument\Bass\Html\ahnlund\03Julen 99.jpg --> home.rixtele.com / 03Julen 99.jpg
101.06.16 16:05 B C:\Mina dokument\Bass\Html\ahnlund\08 Julen 99.jpg --> home.rixtele.com / 08 Julen 99.jpg
101.06.16 16:05 B C:\Mina dokument\Bass\Html\ahnlund\Anna2.JPG --> home.rixtele.com / Anna2.JPG
101.06.16 16:06 B C:\Mina dokument\Bass\Html\ahnlund\Annas mattor 2.jpg --> home.rixtele.com / Annas mattor 2.jpg
101.06.16 16:07 B C:\Mina dokument\Bass\Html\ahnlund\Annas mattor.jpg --> home.rixtele.com / Annas mattor.jpg
101.06.16 16:07 B C:\Mina dokument\Bass\Html\ahnlund\Annas modell 3.jpg --> home.rixtele.com / Annas modell 3.jpg
101.06.16 16:09 B C:\Mina dokument\Bass\Html\ahnlund\Bass i fören.jpg --> home.rixtele.com / Bass i fören.jpg
101.06.16 16:10 B C:\Mina dokument\Bass\Html\ahnlund\Bass o Lennart.jpg --> home.rixtele.com / Bass o Lennart.jpg
101.06.16 16:10 B C:\Mina dokument\Bass\Html\ahnlund\Belvedere.jpg --> home.rixtele.com / Belvedere.jpg
101.06.16 16:11 B C:\Mina dokument\Bass\Html\ahnlund\Fredrik o Anna.jpg --> home.rixtele.com / Fredrik o Anna.jpg
101.06.16 16:11 B C:\Mina dokument\Bass\Html\ahnlund\Halva mattan 2.jpg --> home.rixtele.com / Halva mattan 2.jpg
101.06.16 16:11 B C:\Mina dokument\Bass\Html\ahnlund\index.html --> home.rixtele.com / index.html
101.06.16 16:11 B C:\Mina dokument\Bass\Html\ahnlund\Jenny o Johan.jpg --> home.rixtele.com / Jenny o Johan.jpg
101.06.16 16:12 B C:\Mina dokument\Bass\Html\ahnlund\K matar brontosaurien.jpg --> home.rixtele.com / K matar brontosaurien.jpg
101.06.16 16:13 B C:\Mina dokument\Bass\Html\ahnlund\K på Westminster Bridge.jpg --> home.rixtele.com / K på Westminster Bridge.jpg
101.06.16 16:14 B C:\Mina dokument\Bass\Html\ahnlund\Kickan o Hamphry.jpg --> home.rixtele.com / Kickan o Hamphry.jpg
101.06.16 16:16 B C:\Mina dokument\Bass\Html\ahnlund\KickanMiro1.jpg --> home.rixtele.com / KickanMiro1.jpg
101.06.16 16:17 B C:\Mina dokument\Bass\Html\ahnlund\Modet.jpg --> home.rixtele.com / Modet.jpg
101.06.16 16:33 B C:\Mina dokument\Bass\Html\ahnlund\Bass i foren.jpg --> home.rixtele.com / Bass i foren.jpg
101.06.16 16:42 B C:\Mina dokument\Bass\Html\ahnlund\Bass i foren.jpg --> home.rixtele.com / Bass i foren.jpg
101.06.16 16:42 B C:\Mina dokument\Bass\Html\ahnlund\index.html --> home.rixtele.com / index.html
101.06.16 16:45 B C:\Mina dokument\Bass\Html\ahnlund\K på Westminster Bridge.jpg --> home.rixtele.com / K på Westminster Bridge.jpg
101.06.16 16:47 B C:\Mina dokument\Bass\Html\ahnlund\K pa Westminster Bridge.jpg --> home.rixtele.com / K pa Westminster Bridge.jpg
101.06.16 16:51 B C:\Mina dokument\Bass\Html\ahnlund\index.html --> home.rixtele.com / index.html
101.06.16 17:37 B C:\Mina dokument\Bass\Html\ahnlund\Annas mattor b.jpg --> home.rixtele.com / Annas mattor b.jpg
101.06.16 17:38 B C:\Mina dokument\Bass\Html\ahnlund\Annas modell c.jpg --> home.rixtele.com / Annas modell c.jpg
101.06.16 17:39 B C:\Mina dokument\Bass\Html\ahnlund\Halva mattan b.jpg --> home.rixtele.com / Halva mattan b.jpg
101.06.16 17:40 B C:\Mina dokument\Bass\Html\ahnlund\Mats julen.jpg --> home.rixtele.com / Mats julen.jpg
101.06.16 17:40 B C:\Mina dokument\Bass\Html\ahnlund\Pia julen.jpg --> home.rixtele.com / Pia julen.jpg
101.06.16 17:47 B C:\Mina dokument\Bass\Html\ahnlund\index.html --> home.rixtele.com / index.html
101.06.17 11:50 B C:\Mina dokument\Bass\Html\ahnlund\Balders.jpg --> home.rixtele.com / Balders.jpg
101.06.17 11:51 B C:\Mina dokument\Bass\Html\ahnlund\index.html --> home.rixtele.com / index.html
101.06.17 11:52 B C:\Mina dokument\Bass\Html\ahnlund\Lexus.jpg --> home.rixtele.com / Lexus.jpg
101.06.17 11:52 B C:\Mina dokument\Bass\Html\ahnlund\Picnic2.jpg --> home.rixtele.com / Picnic2.jpg
101.06.17 12:26 B C:\Mina dokument\Bass\Html\ahnlund\Piajulen.jpg --> home.rixtele.com / Piajulen.jpg
101.06.17 12:31 B C:\Mina dokument\Bass\Html\ahnlund\index.html --> home.rixtele.com / index.html
101.06.17 12:40 B C:\Mina dokument\Bass\Html\ahnlund\Annas mattor.jpg --> home.rixtele.com / Annas mattor.jpg
101.06.17 12:41 B C:\Mina dokument\Bass\Html\ahnlund\Anna2.jpg --> home.rixtele.com / Anna2.jpg
101.06.17 12:42 B C:\Mina dokument\Bass\Html\ahnlund\Pia1.jpg --> home.rixtele.com / Pia1.jpg
101.06.17 12:51 B C:\Mina dokument\Bass\Html\ahnlund\index.html --> home.rixtele.com / index.html
101.06.17 12:55 B C:\Mina dokument\Bass\Html\ahnlund\Bass i foren.jpg --> home.rixtele.com / Bass i foren.jpg
101.06.17 13:02 B C:\Mina dokument\Bass\Html\ahnlund\index.html --> home.rixtele.com / index.html
101.06.17 13:07 B C:\Mina dokument\Bass\Html\ahnlund\Jennykomp1.jpg --> home.rixtele.com / Jennykomp1.jpg
101.06.17 13:14 B C:\Mina dokument\Bass\Html\ahnlund\index.html --> home.rixtele.com / index.html
102.11.16 14:26 B C:\Mina dokument\Bass\Html\ahnlund\Avgang.jpg --> home.rixtele.com / Avgang.jpg
102.11.16 14:27 B C:\Mina dokument\Bass\Html\ahnlund\Balders.jpg --> home.rixtele.com / Balders.jpg
102.11.16 14:27 B C:\Mina dokument\Bass\Html\ahnlund\Bass Hofburg.JPG --> home.rixtele.com / Bass Hofburg.JPG
102.11.16 14:28 B C:\Mina dokument\Bass\Html\ahnlund\Fran femman.jpg --> home.rixtele.com / Fran femman.jpg
102.11.16 14:28 B C:\Mina dokument\Bass\Html\ahnlund\Hipp hipp.jpg --> home.rixtele.com / Hipp hipp.jpg
102.11.16 14:28 B C:\Mina dokument\Bass\Html\ahnlund\index.html --> home.rixtele.com / index.html
102.11.16 14:28 B C:\Mina dokument\Bass\Html\ahnlund\Jenny o Johan.jpg --> home.rixtele.com / Jenny o Johan.jpg
102.11.16 14:29 B C:\Mina dokument\Bass\Html\ahnlund\jutakas pir.jpg --> home.rixtele.com / jutakas pir.jpg
102.11.16 14:29 B C:\Mina dokument\Bass\Html\ahnlund\Kyss kocken.jpg --> home.rixtele.com / Kyss kocken.jpg
102.11.16 14:30 B C:\Mina dokument\Bass\Html\ahnlund\Placa M B.jpg --> home.rixtele.com / Placa M B.jpg
102.12.20 11:04 B C:\Mina dokument\Bass\Html\ahnlund\Anna2.jpg --> www.affv.nu /khm009960 Anna2.jpg
102.12.20 11:04 B C:\Mina dokument\Bass\Html\ahnlund\Annas mattor b.jpg --> www.affv.nu /khm009960 Annas mattor b.jpg
102.12.20 11:04 B C:\Mina dokument\Bass\Html\ahnlund\Annas modell c.jpg --> www.affv.nu /khm009960 Annas modell c.jpg
102.12.20 11:04 B C:\Mina dokument\Bass\Html\ahnlund\Bass i foren.jpg --> www.affv.nu /khm009960 Bass i foren.jpg
102.12.20 11:04 B C:\Mina dokument\Bass\Html\ahnlund\Bass o Lennart.jpg --> www.affv.nu /khm009960 Bass o Lennart.jpg
102.12.20 11:04 B C:\Mina dokument\Bass\Html\ahnlund\BassMiro2.jpg --> www.affv.nu /khm009960 BassMiro2.jpg
102.12.20 11:04 B C:\Mina dokument\Bass\Html\ahnlund\Fredrik o Anna.jpg --> www.affv.nu /khm009960 Fredrik o Anna.jpg
102.12.20 11:04 B C:\Mina dokument\Bass\Html\ahnlund\Hipp hipp.jpg --> www.affv.nu /khm009960 Hipp hipp.jpg
102.12.20 11:04 B C:\Mina dokument\Bass\Html\ahnlund\image1.gif --> www.affv.nu /khm009960 image1.gif
102.12.20 11:04 B C:\Mina dokument\Bass\Html\ahnlund\image2.gif --> www.affv.nu /khm009960 image2.gif
102.12.20 11:04 B C:\Mina dokument\Bass\Html\ahnlund\image3.gif --> www.affv.nu /khm009960 image3.gif
102.12.20 11:04 B C:\Mina dokument\Bass\Html\ahnlund\image4.gif --> www.affv.nu /khm009960 image4.gif
102.12.20 11:04 B C:\Mina dokument\Bass\Html\ahnlund\image5.jpg --> www.affv.nu /khm009960 image5.jpg
102.12.20 11:04 B C:\Mina dokument\Bass\Html\ahnlund\index.html --> www.affv.nu /khm009960 index.html
102.12.20 11:04 B C:\Mina dokument\Bass\Html\ahnlund\Jenny 1.jpg --> www.affv.nu /khm009960 Jenny 1.jpg
102.12.20 11:04 B C:\Mina dokument\Bass\Html\ahnlund\Jenny o Johan.jpg --> www.affv.nu /khm009960 Jenny o Johan.jpg
102.12.20 11:04 B C:\Mina dokument\Bass\Html\ahnlund\Jenny pa Tordon.jpg --> www.affv.nu /khm009960 Jenny pa Tordon.jpg
102.12.20 11:04 B C:\Mina dokument\Bass\Html\ahnlund\K matar brontosaurien.jpg --> www.affv.nu /khm009960 K matar brontosaurien.jpg
102.12.20 11:04 B C:\Mina dokument\Bass\Html\ahnlund\Kickan Schonbrunn.jpg --> www.affv.nu /khm009960 Kickan Schonbrunn.jpg
102.12.20 11:04 B C:\Mina dokument\Bass\Html\ahnlund\KickanMiro1.jpg --> www.affv.nu /khm009960 KickanMiro1.jpg
102.12.20 11:04 B C:\Mina dokument\Bass\Html\ahnlund\Kyss kocken.jpg --> www.affv.nu /khm009960 Kyss kocken.jpg
102.12.20 11:04 B C:\Mina dokument\Bass\Html\ahnlund\Pia1.jpg --> www.affv.nu /khm009960 Pia1.jpg
102.12.20 11:04 B C:\Mina dokument\Bass\Html\ahnlund\Placa M B.jpg --> www.affv.nu /khm009960 Placa M B.jpg
102.12.20 11:07 B C:\Mina dokument\Bass\Html\ahnlund\Anna2.jpg --> www.affv.nu /khm009960 Anna2.jpg
102.12.20 11:07 B C:\Mina dokument\Bass\Html\ahnlund\Annas mattor b.jpg --> www.affv.nu /khm009960 Annas mattor b.jpg
102.12.20 11:07 B C:\Mina dokument\Bass\Html\ahnlund\Annas modell c.jpg --> www.affv.nu /khm009960 Annas modell c.jpg
102.12.20 11:07 B C:\Mina dokument\Bass\Html\ahnlund\Bass i foren.jpg --> www.affv.nu /khm009960 Bass i foren.jpg
102.12.20 11:07 B C:\Mina dokument\Bass\Html\ahnlund\Bass o Lennart.jpg --> www.affv.nu /khm009960 Bass o Lennart.jpg
102.12.20 11:07 B C:\Mina dokument\Bass\Html\ahnlund\BassMiro2.jpg --> www.affv.nu /khm009960 BassMiro2.jpg
102.12.20 11:07 B C:\Mina dokument\Bass\Html\ahnlund\Fran femman.jpg --> www.affv.nu /khm009960 Fran femman.jpg
102.12.20 11:07 B C:\Mina dokument\Bass\Html\ahnlund\Fredrik o Anna.jpg --> www.affv.nu /khm009960 Fredrik o Anna.jpg
102.12.20 11:07 B C:\Mina dokument\Bass\Html\ahnlund\Hipp hipp.jpg --> www.affv.nu /khm009960 Hipp hipp.jpg
102.12.20 11:07 B C:\Mina dokument\Bass\Html\ahnlund\image1.gif --> www.affv.nu /khm009960 image1.gif
102.12.20 11:07 B C:\Mina dokument\Bass\Html\ahnlund\image2.gif --> www.affv.nu /khm009960 image2.gif
102.12.20 11:07 B C:\Mina dokument\Bass\Html\ahnlund\image3.gif --> www.affv.nu /khm009960 image3.gif
102.12.20 11:07 B C:\Mina dokument\Bass\Html\ahnlund\image4.gif --> www.affv.nu /khm009960 image4.gif
102.12.20 11:07 B C:\Mina dokument\Bass\Html\ahnlund\image5.jpg --> www.affv.nu /khm009960 image5.jpg
102.12.20 11:07 B C:\Mina dokument\Bass\Html\ahnlund\index.html --> www.affv.nu /khm009960 index.html
102.12.20 11:07 B C:\Mina dokument\Bass\Html\ahnlund\Jenny 1.jpg --> www.affv.nu /khm009960 Jenny 1.jpg
102.12.20 11:07 B C:\Mina dokument\Bass\Html\ahnlund\Jenny o Johan.jpg --> www.affv.nu /khm009960 Jenny o Johan.jpg
102.12.20 11:07 B C:\Mina dokument\Bass\Html\ahnlund\Jenny pa Tordon.jpg --> www.affv.nu /khm009960 Jenny pa Tordon.jpg
102.12.20 11:07 B C:\Mina dokument\Bass\Html\ahnlund\jutakas pir.jpg --> www.affv.nu /khm009960 jutakas pir.jpg
102.12.20 11:07 B C:\Mina dokument\Bass\Html\ahnlund\K matar brontosaurien.jpg --> www.affv.nu /khm009960 K matar brontosaurien.jpg
102.12.20 11:07 B C:\Mina dokument\Bass\Html\ahnlund\K pa Westminster Bridge.jpg --> www.affv.nu /khm009960 K pa Westminster Bridge.jpg
102.12.20 11:07 B C:\Mina dokument\Bass\Html\ahnlund\Kickan Schonbrunn.jpg --> www.affv.nu /khm009960 Kickan Schonbrunn.jpg
102.12.20 11:07 B C:\Mina dokument\Bass\Html\ahnlund\KickanMiro1.jpg --> www.affv.nu /khm009960 KickanMiro1.jpg
102.12.20 11:07 B C:\Mina dokument\Bass\Html\ahnlund\Kyss kocken.jpg --> www.affv.nu /khm009960 Kyss kocken.jpg
102.12.20 11:07 B C:\Mina dokument\Bass\Html\ahnlund\Pia1.jpg --> www.affv.nu /khm009960 Pia1.jpg
102.12.20 11:07 B C:\Mina dokument\Bass\Html\ahnlund\Placa M B.jpg --> www.affv.nu /khm009960 Placa M B.jpg
102.12.20 11:08 B C:\Mina dokument\Bass\Html\ahnlund\Anna2.jpg --> www.affv.nu /khm009960 Anna2.jpg
102.12.20 11:08 B C:\Mina dokument\Bass\Html\ahnlund\Annas mattor b.jpg --> www.affv.nu /khm009960 Annas mattor b.jpg
102.12.20 11:08 B C:\Mina dokument\Bass\Html\ahnlund\Annas modell c.jpg --> www.affv.nu /khm009960 Annas modell c.jpg
102.12.20 11:08 B C:\Mina dokument\Bass\Html\ahnlund\Bass i foren.jpg --> www.affv.nu /khm009960 Bass i foren.jpg
102.12.20 11:08 B C:\Mina dokument\Bass\Html\ahnlund\Bass o Lennart.jpg --> www.affv.nu /khm009960 Bass o Lennart.jpg
102.12.20 11:08 B C:\Mina dokument\Bass\Html\ahnlund\BassMiro2.jpg --> www.affv.nu /khm009960 BassMiro2.jpg
102.12.20 11:08 B C:\Mina dokument\Bass\Html\ahnlund\Fran femman.jpg --> www.affv.nu /khm009960 Fran femman.jpg
102.12.20 11:08 B C:\Mina dokument\Bass\Html\ahnlund\Fredrik o Anna.jpg --> www.affv.nu /khm009960 Fredrik o Anna.jpg
102.12.20 11:08 B C:\Mina dokument\Bass\Html\ahnlund\Hipp hipp.jpg --> www.affv.nu /khm009960 Hipp hipp.jpg
102.12.20 11:08 B C:\Mina dokument\Bass\Html\ahnlund\image1.gif --> www.affv.nu /khm009960 image1.gif
102.12.20 11:08 B C:\Mina dokument\Bass\Html\ahnlund\image2.gif --> www.affv.nu /khm009960 image2.gif
102.12.20 11:08 B C:\Mina dokument\Bass\Html\ahnlund\image3.gif --> www.affv.nu /khm009960 image3.gif
102.12.20 11:08 B C:\Mina dokument\Bass\Html\ahnlund\image4.gif --> www.affv.nu /khm009960 image4.gif
102.12.20 11:08 B C:\Mina dokument\Bass\Html\ahnlund\image5.jpg --> www.affv.nu /khm009960 image5.jpg
102.12.20 11:08 B C:\Mina dokument\Bass\Html\ahnlund\index.html --> www.affv.nu /khm009960 index.html
102.12.20 11:08 B C:\Mina dokument\Bass\Html\ahnlund\Jenny 1.jpg --> www.affv.nu /khm009960 Jenny 1.jpg
102.12.20 11:08 B C:\Mina dokument\Bass\Html\ahnlund\Jenny o Johan.jpg --> www.affv.nu /khm009960 Jenny o Johan.jpg
102.12.20 11:08 B C:\Mina dokument\Bass\Html\ahnlund\Jenny pa Tordon.jpg --> www.affv.nu /khm009960 Jenny pa Tordon.jpg
102.12.20 11:08 B C:\Mina dokument\Bass\Html\ahnlund\jutakas pir.jpg --> www.affv.nu /khm009960 jutakas pir.jpg
102.12.20 11:08 B C:\Mina dokument\Bass\Html\ahnlund\K matar brontosaurien.jpg --> www.affv.nu /khm009960 K matar brontosaurien.jpg
102.12.20 11:08 B C:\Mina dokument\Bass\Html\ahnlund\K pa Westminster Bridge.jpg --> www.affv.nu /khm009960 K pa Westminster Bridge.jpg
102.12.20 11:08 B C:\Mina dokument\Bass\Html\ahnlund\Kickan o Hamphry.jpg --> www.affv.nu /khm009960 Kickan o Hamphry.jpg
102.12.20 11:08 B C:\Mina dokument\Bass\Html\ahnlund\Kickan Schonbrunn.jpg --> www.affv.nu /khm009960 Kickan Schonbrunn.jpg
102.12.20 11:08 B C:\Mina dokument\Bass\Html\ahnlund\KickanMiro1.jpg --> www.affv.nu /khm009960 KickanMiro1.jpg
102.12.20 11:08 B C:\Mina dokument\Bass\Html\ahnlund\Kyss kocken.jpg --> www.affv.nu /khm009960 Kyss kocken.jpg
102.12.20 11:08 B C:\Mina dokument\Bass\Html\ahnlund\Pia1.jpg --> www.affv.nu /khm009960 Pia1.jpg
102.12.20 11:08 B C:\Mina dokument\Bass\Html\ahnlund\Placa M B.jpg --> www.affv.nu /khm009960 Placa M B.jpg
102.12.20 11:09 B C:\Mina dokument\Bass\Html\ahnlund\Piajulen.jpg --> www.affv.nu /khm009960 Piajulen.jpg
102.12.20 11:09 B C:\Mina dokument\Bass\Html\ahnlund\Annas modell c.jpg --> www.affv.nu /khm009960 Annas modell c.jpg
102.12.20 11:10 B C:\Mina dokument\Bass\Html\ahnlund\Halva mattan b.jpg --> www.affv.nu /khm009960 Halva mattan b.jpg
102.12.20 11:11 B C:\Mina dokument\Bass\Html\ahnlund\Halva mattan b.jpg --> www.affv.nu /khm009960 Halva mattan b.jpg
102.12.20 11:11 B C:\Mina dokument\Bass\Html\ahnlund\Hipp hipp.jpg --> www.affv.nu /khm009960 Hipp hipp.jpg
102.12.20 11:12 B C:\Mina dokument\Bass\Html\ahnlund\Modet.jpg --> www.affv.nu /khm009960 Modet.jpg
102.12.20 11:13 B C:\Mina dokument\Bass\Html\ahnlund\Annas modell c.jpg --> www.affv.nu /khm009960 Annas modell c.jpg
102.12.20 11:16 B C:\Mina dokument\Bass\Html\ahnlund\Annas mattor.jpg --> www.affv.nu /khm009960 Annas mattor.jpg
103.02.04 01:23 B C:\Mina dokument\Bass\Html\ahnlund\index.html --> www.affv.nu /khm009960 index.html
103.03.04 11:13 B C:\Mina dokument\Bass\Html\ahnlund\AHNLUND index.htm --> www.affv.nu /khm009960 AHNLUND index.htm
103.03.04 11:22 B C:\Mina dokument\Bass\Html\ahnlund\index.html --> www.affv.nu /khm009960 index.html
103.03.05 11:40 B C:\Mina dokument\Bass\Html\ahnlund\index.html --> www.affv.nu /khm009960 index.html
103.07.03 10:25 B C:\Mina dokument\Bass\Html\ahnlund\Fyrdimma 2.jpg --> www.affv.nu /khm009960 Fyrdimma 2.jpg
103.07.03 10:25 B C:\Mina dokument\Bass\Html\ahnlund\index.html --> www.affv.nu /khm009960 index.html
103.07.03 10:26 B C:\Mina dokument\Bass\Html\ahnlund\index.html --> www.affv.nu /khm009960 index.html
103.07.03 10:28 B C:\Mina dokument\Bass\Html\ahnlund\Hemma 2.jpg --> www.affv.nu /khm009960 Hemma 2.jpg
103.07.03 10:28 B C:\Mina dokument\Bass\Html\ahnlund\image5.jpg --> www.affv.nu /khm009960 image5.jpg
103.08.28 17:58 B C:\Mina dokument\Bass\Html\ahnlund\index.html --> www.affv.nu /khm009960 index.html
103.08.29 10:01 B C:\Mina dokument\Bass\Html\ahnlund\index.html --> www.affv.nu /khm009960 index.html
103.10.15 00:06 B C:\Mina dokument\Bass\Html\ahnlund\index.html --> www.affv.nu /khm009960 index.html
103.11.11 19:58 B C:\Mina dokument\Bass\Html\ahnlund\47Pont o B.jpg --> www.affv.nu /khm009960 47Pont o B.jpg
103.11.11 19:58 B C:\Mina dokument\Bass\Html\ahnlund\92Gibraltar 2.jpg --> www.affv.nu /khm009960 92Gibraltar 2.jpg
103.11.11 19:58 B C:\Mina dokument\Bass\Html\ahnlund\95Guardamar.jpg --> www.affv.nu /khm009960 95Guardamar.jpg
103.11.11 19:58 B C:\Mina dokument\Bass\Html\ahnlund\Anna2.jpg --> www.affv.nu /khm009960 Anna2.jpg
103.11.11 19:58 B C:\Mina dokument\Bass\Html\ahnlund\Annas mattor b.jpg --> www.affv.nu /khm009960 Annas mattor b.jpg
103.11.11 19:58 B C:\Mina dokument\Bass\Html\ahnlund\Annas mattor.jpg --> www.affv.nu /khm009960 Annas mattor.jpg
103.11.11 19:58 B C:\Mina dokument\Bass\Html\ahnlund\Annas modell c.jpg --> www.affv.nu /khm009960 Annas modell c.jpg
103.11.11 19:58 B C:\Mina dokument\Bass\Html\ahnlund\Bass i foren.jpg --> www.affv.nu /khm009960 Bass i foren.jpg
103.11.11 19:58 B C:\Mina dokument\Bass\Html\ahnlund\Bass o Lennart.jpg --> www.affv.nu /khm009960 Bass o Lennart.jpg
103.11.11 19:58 B C:\Mina dokument\Bass\Html\ahnlund\Fran femman.jpg --> www.affv.nu /khm009960 Fran femman.jpg
103.11.11 19:58 B C:\Mina dokument\Bass\Html\ahnlund\image5.jpg --> www.affv.nu /khm009960 image5.jpg
103.11.11 19:58 B C:\Mina dokument\Bass\Html\ahnlund\jutakas pir.jpg --> www.affv.nu /khm009960 jutakas pir.jpg
103.11.11 19:58 B C:\Mina dokument\Bass\Html\ahnlund\K pa Westminster Bridge.jpg --> www.affv.nu /khm009960 K pa Westminster Bridge.jpg
103.11.11 19:58 B C:\Mina dokument\Bass\Html\ahnlund\Kickan o Hamphry.jpg --> www.affv.nu /khm009960 Kickan o Hamphry.jpg
103.11.11 19:58 B C:\Mina dokument\Bass\Html\ahnlund\KickanMiro1.jpg --> www.affv.nu /khm009960 KickanMiro1.jpg
103.11.11 19:58 B C:\Mina dokument\Bass\Html\ahnlund\Kyss kocken.jpg --> www.affv.nu /khm009960 Kyss kocken.jpg
103.11.11 19:58 B C:\Mina dokument\Bass\Html\ahnlund\Pia1.jpg --> www.affv.nu /khm009960 Pia1.jpg
103.11.11 19:58 B C:\Mina dokument\Bass\Html\ahnlund\Piajulen.jpg --> www.affv.nu /khm009960 Piajulen.jpg
103.11.11 19:58 B C:\Mina dokument\Bass\Html\ahnlund\Pont o B komp --> www.affv.nu /khm009960 Pont o B komp
103.11.11 19:58 B C:\Mina dokument\Bass\Html\ahnlund\Vinthund.jpg --> www.affv.nu /khm009960 Vinthund.jpg
104.01.27 15:36 B C:\Mina dokument\Bass\Html\ahnlund\index.html --> www.affv.nu /khm009960 index.html
104.01.27 16:10 B C:\Mina dokument\Bass\Html\ahnlund\index.html --> www.affv.nu /khm009960 index.html
104.01.27 17:36 B C:\Mina dokument\Bass\Html\ahnlund\image2.gif --> www.affv.nu /khm009960 image2.gif
104.01.31 00:48 B C:\Mina dokument\Bass\Html\ahnlund\Vitahuset.jpg --> www.affv.nu /khm009960 Vitahuset.jpg
104.01.31 00:48 B C:\Mina dokument\Bass\Html\ahnlund\index.html --> www.affv.nu /khm009960 index.html
104.01.31 00:50 B C:\Mina dokument\Bass\Html\ahnlund\Allvaret.jpg --> www.affv.nu /khm009960 Allvaret.jpg
104.01.31 01:00 B C:\Mina dokument\Bass\Html\ahnlund\Vallmo.jpg --> www.affv.nu /khm009960 Vallmo.jpg
104.01.31 01:00 B C:\Mina dokument\Bass\Html\ahnlund\index.html --> www.affv.nu /khm009960 index.html
104.02.03 00:25 B C:\Mina dokument\Bass\Html\ahnlund\index.html --> www.affv.nu /khm009960 index.html
104.02.04 17:22 B C:\Mina dokument\Bass\Html\ahnlund\minolta1.JPG --> www.affv.nu /khm009960 minolta1.JPG
104.02.04 17:25 B C:\Mina dokument\Bass\Html\ahnlund\index.html --> www.affv.nu /khm009960 index.html
104.02.07 16:43 B C:\Mina dokument\Bass\Html\ahnlund\index.html --> www.affv.nu /khm009960 index.html
104.02.07 16:54 B C:\Mina dokument\Bass\Html\ahnlund\index.html --> www.affv.nu /khm009960 index.html
104.02.07 17:11 B C:\Mina dokument\Bass\Html\ahnlund\index.html --> www.affv.nu /khm009960 index.html
104.02.07 17:47 B C:\Mina dokument\Bass\Html\ahnlund\index.html --> www.affv.nu /khm009960 index.html
104.03.08 16:05 B C:\Mina dokument\Bass\Html\ahnlund\index.html --> www.affv.nu /khm009960 index.html
104.03.08 16:38 B C:\Mina dokument\Bass\Html\ahnlund\index.html --> www.affv.nu /khm009960 index.html
104.04.10 10:41 B C:\Mina dokument\Bass\Html\ahnlund\index.html --> www.affv.nu /khm009960 index.html
104.04.10 10:44 B C:\Mina dokument\Bass\Html\ahnlund\index.html --> www.affv.nu /khm009960 index.html
104.06.21 00:43 B C:\Mina dokument\Bass\Html\ahnlund\Johan.JPG --> www.affv.nu /khm009960 Johan.JPG
104.06.21 00:43 B C:\Mina dokument\Bass\Html\ahnlund\Pia Honda.JPG --> www.affv.nu /khm009960 Pia Honda.JPG
104.06.21 00:44 B C:\Mina dokument\Bass\Html\ahnlund\Systrarna.JPG --> www.affv.nu /khm009960 Systrarna.JPG
104.06.21 00:47 B C:\Mina dokument\Bass\Html\ahnlund\index.html --> www.affv.nu /khm009960 index.html
104.06.29 21:01 B C:\Mina dokument\Bass\Html\ahnlund\index.html --> www.affv.nu /khm009960 index.html
104.10.11 18:35 B C:\Mina dokument\Bass\Html\ahnlund\index.html --> www.affv.nu /khm009960 index.html
104.10.11 18:35 B C:\Mina dokument\Bass\Html\ahnlund\Jenny.JPG --> www.affv.nu /khm009960 Jenny.JPG
104.10.11 18:35 B C:\Mina dokument\Bass\Html\ahnlund\Skor.jpg --> www.affv.nu /khm009960 Skor.jpg
104.10.11 19:15 B C:\Mina dokument\Bass\Html\ahnlund\image2.gif --> www.affv.nu /khm009960 image2.gif
104.10.11 19:15 B C:\Mina dokument\Bass\Html\ahnlund\Skor.jpg --> www.affv.nu /khm009960 Skor.jpg
104.10.11 19:24 B C:\Mina dokument\Bass\Html\ahnlund\J surf 2.JPG --> www.affv.nu /khm009960 J surf 2.JPG
104.10.20 16:50 B C:\Mina dokument\Bass\Html\ahnlund\index.html --> www.affv.nu /khm009960 index.html
104.12.04 14:32 B C:\Mina dokument\Bass\Html\ahnlund\28Pa krogen.jpg --> www.affv.nu /khm009960 28Pa krogen.jpg
104.12.04 14:32 B C:\Mina dokument\Bass\Html\ahnlund\index.html --> www.affv.nu /khm009960 index.html
105.01.01 17:46 B C:\Mina dokument\Bass\Html\ahnlund\index.html --> www.affv.nu /khm009960 index.html
105.01.08 16:50 B C:\Mina dokument\Bass\Html\ahnlund\index.html --> www.affv.nu /khm009960 index.html
105.01.19 19:01 B C:\Mina dokument\Bass\Html\ahnlund\index.html --> www.affv.nu /khm009960 index.html
105.01.19 20:56 B C:\Mina dokument\Bass\Html\ahnlund\index.html --> www.affv.nu /khm009960 index.html
105.03.27 18:19 B C:\Mina dokument\Bass\Html\ahnlund\index.html --> www.affv.nu /khm009960 index.html
105.03.27 18:35 B C:\Mina dokument\Bass\Html\ahnlund\Fran femman.jpg --> www.affv.nu /khm009960 Fran femman.jpg
105.03.27 18:36 B C:\Mina dokument\Bass\Html\ahnlund\Hipp hipp.jpg --> www.affv.nu /khm009960 Hipp hipp.jpg
105.03.27 18:36 B C:\Mina dokument\Bass\Html\ahnlund\index.html --> www.affv.nu /khm009960 index.html
105.03.27 18:36 B C:\Mina dokument\Bass\Html\ahnlund\K matar.jpg --> www.affv.nu /khm009960 K matar.jpg
105.03.27 18:42 B C:\Mina dokument\Bass\Html\ahnlund\K matar.jpg --> www.affv.nu /khm009960 K matar.jpg
105.05.04 21:02 B C:\Mina dokument\Bass\Html\ahnlund\34Johan o Jenny.JPG --> www.affv.nu /khm009960 34Johan o Jenny.JPG
105.05.04 21:02 B C:\Mina dokument\Bass\Html\ahnlund\index.html --> www.affv.nu /khm009960 index.html
105.05.04 21:05 B C:\Mina dokument\Bass\Html\ahnlund\Varvet.jpg --> www.affv.nu /khm009960 Varvet.jpg
105.06.17 18:53 B C:\Mina dokument\Bass\Html\ahnlund\Ahnlund I-B2.JPG --> www.affv.nu /khm009960 Ahnlund I-B2.JPG
105.06.17 18:53 B C:\Mina dokument\Bass\Html\ahnlund\index.html --> www.affv.nu /khm009960 index.html
105.08.25 00:19 B C:\Mina dokument\Bass\Html\ahnlund\index.html --> www.affv.nu /khm009960 index.html
105.08.25 00:19 B C:\Mina dokument\Bass\Html\ahnlund\Jenny3.JPG --> www.affv.nu /khm009960 Jenny3.JPG
105.10.29 18:29 B C:\Mina dokument\Bass\Html\ahnlund\Anna-Ella2.JPG --> www.affv.nu /khm009960 Anna-Ella2.JPG
105.10.29 18:30 B C:\Mina dokument\Bass\Html\ahnlund\Jenny4.JPG --> www.affv.nu /khm009960 Jenny4.JPG
105.10.29 18:31 B C:\Mina dokument\Bass\Html\ahnlund\index.html --> www.affv.nu /khm009960 index.html
